TN:
SF:src/app/components/LanguageSwitcher.tsx
FN:11,LanguageSwitcher
FN:15,handleLocaleChange
FN:27,onClick
FNF:3
FNH:1
FNDA:6,LanguageSwitcher
FNDA:0,handleLocaleChange
FNDA:0,onClick
DA:1,1
DA:2,1
DA:3,1
DA:4,1
DA:5,1
DA:6,1
DA:7,1
DA:8,1
DA:9,1
DA:10,1
DA:11,1
DA:12,6
DA:13,6
DA:14,6
DA:15,6
DA:16,0
DA:17,0
DA:18,0
DA:19,0
DA:20,0
DA:21,6
DA:22,6
DA:23,6
DA:24,6
DA:25,12
DA:26,12
DA:27,6
DA:28,6
DA:29,6
DA:30,6
DA:31,6
DA:32,6
DA:33,6
DA:34,6
DA:35,6
DA:36,6
DA:37,6
DA:38,6
DA:39,6
DA:40,6
DA:41,6
LF:41
LH:36
BRDA:11,0,0,6
BRDA:24,1,0,12
BRDA:31,2,0,6
BRDA:31,3,0,6
BRDA:33,4,0,0
BRF:5
BRH:4
end_of_record
TN:
SF:src/app/components/accordion.tsx
FN:9,Accordion
FN:24,onClick
FNF:2
FNH:2
FNDA:10,Accordion
FNDA:5,onClick
DA:1,1
DA:2,1
DA:3,1
DA:4,1
DA:5,1
DA:6,1
DA:7,1
DA:8,1
DA:9,1
DA:10,10
DA:11,10
DA:12,10
DA:13,10
DA:14,10
DA:15,10
DA:16,10
DA:17,10
DA:18,10
DA:19,10
DA:20,10
DA:21,10
DA:22,10
DA:23,10
DA:24,10
DA:25,10
DA:26,10
DA:27,10
DA:28,10
DA:29,10
DA:30,10
DA:31,10
DA:32,10
DA:33,10
DA:34,10
DA:35,10
DA:36,10
DA:37,10
DA:38,10
DA:39,10
DA:40,10
DA:41,10
DA:42,10
DA:43,10
DA:44,10
DA:45,10
DA:46,10
DA:47,10
DA:48,10
DA:49,10
DA:50,1
LF:50
LH:50
BRDA:9,0,0,10
BRDA:20,1,0,18
BRDA:21,2,0,0
BRDA:27,3,0,4
BRDA:24,4,0,5
BRDA:24,5,0,1
BRDA:24,6,0,4
BRF:7
BRH:6
end_of_record
TN:
SF:src/app/components/button.tsx
FN:16,Button
FNF:1
FNH:1
FNDA:15,Button
DA:1,1
DA:2,1
DA:3,1
DA:4,1
DA:5,1
DA:6,1
DA:7,1
DA:8,1
DA:9,1
DA:10,1
DA:11,1
DA:12,1
DA:13,1
DA:14,1
DA:15,1
DA:16,1
DA:17,15
DA:18,15
DA:19,15
DA:20,15
DA:21,15
DA:22,15
DA:23,15
DA:24,15
DA:25,15
DA:26,15
DA:27,15
DA:28,15
DA:29,15
DA:30,15
DA:31,15
DA:32,15
DA:33,15
DA:34,15
DA:35,15
DA:36,15
DA:37,15
DA:38,15
DA:39,15
DA:40,15
DA:41,15
DA:42,1
DA:43,1
LF:43
LH:43
BRDA:16,0,0,15
BRDA:25,1,0,1
BRDA:25,2,0,14
BRF:3
BRH:3
end_of_record
TN:
SF:src/app/components/card.tsx
FN:22,Card
FN:44,SlideDots
FN:52,onClick
FNF:3
FNH:2
FNDA:1,Card
FNDA:1,SlideDots
FNDA:0,onClick
DA:1,1
DA:2,1
DA:3,1
DA:4,1
DA:5,1
DA:6,1
DA:7,1
DA:8,1
DA:9,1
DA:10,1
DA:11,1
DA:12,1
DA:13,1
DA:14,1
DA:15,1
DA:16,1
DA:17,1
DA:18,1
DA:19,1
DA:20,1
DA:21,1
DA:22,1
DA:23,1
DA:24,1
DA:25,1
DA:26,1
DA:27,1
DA:28,1
DA:29,1
DA:30,1
DA:31,1
DA:32,1
DA:33,1
DA:34,1
DA:35,1
DA:36,1
DA:37,1
DA:38,1
DA:39,1
DA:40,1
DA:41,1
DA:42,1
DA:43,1
DA:44,1
DA:45,1
DA:46,1
DA:47,1
DA:48,3
DA:49,3
DA:50,3
DA:51,1
DA:52,1
DA:53,1
DA:54,1
DA:55,1
DA:56,1
DA:57,1
DA:58,1
DA:59,1
LF:59
LH:59
BRDA:22,0,0,1
BRDA:44,1,0,1
BRDA:47,2,0,3
BRDA:51,3,0,1
BRDA:51,4,0,2
BRF:5
BRH:5
end_of_record
TN:
SF:src/app/components/contact-parts/ContactForm.tsx
FN:20,ContactForm
FN:145,FormField
FN:154,CurrencySelector
FN:167,onClick
FN:181,SubmitButton
FNF:5
FNH:5
FNDA:35,ContactForm
FNDA:245,FormField
FNDA:35,CurrencySelector
FNDA:3,onClick
FNDA:35,SubmitButton
DA:1,1
DA:2,1
DA:3,1
DA:4,1
DA:5,1
DA:6,1
DA:7,1
DA:8,1
DA:9,1
DA:10,1
DA:11,1
DA:12,1
DA:13,1
DA:14,1
DA:15,1
DA:16,1
DA:17,1
DA:18,1
DA:19,1
DA:20,1
DA:21,35
DA:22,35
DA:23,35
DA:24,35
DA:25,35
DA:26,35
DA:27,35
DA:28,35
DA:29,35
DA:30,35
DA:31,35
DA:32,35
DA:33,35
DA:34,35
DA:35,35
DA:36,35
DA:37,35
DA:38,35
DA:39,35
DA:40,35
DA:41,35
DA:42,35
DA:43,35
DA:44,35
DA:45,35
DA:46,35
DA:47,35
DA:48,35
DA:49,35
DA:50,35
DA:51,35
DA:52,35
DA:53,35
DA:54,35
DA:55,35
DA:56,35
DA:57,35
DA:58,35
DA:59,35
DA:60,35
DA:61,35
DA:62,35
DA:63,35
DA:64,35
DA:65,35
DA:66,35
DA:67,35
DA:68,35
DA:69,35
DA:70,35
DA:71,35
DA:72,35
DA:73,35
DA:74,35
DA:75,35
DA:76,35
DA:77,35
DA:78,35
DA:79,35
DA:80,35
DA:81,35
DA:82,35
DA:83,35
DA:84,35
DA:85,35
DA:86,35
DA:87,35
DA:88,35
DA:89,35
DA:90,35
DA:91,35
DA:92,35
DA:93,35
DA:94,35
DA:95,35
DA:96,35
DA:97,35
DA:98,35
DA:99,35
DA:100,35
DA:101,35
DA:102,35
DA:103,35
DA:104,35
DA:105,35
DA:106,35
DA:107,35
DA:108,35
DA:109,35
DA:110,35
DA:111,35
DA:112,35
DA:113,35
DA:114,35
DA:115,35
DA:116,35
DA:117,35
DA:118,35
DA:119,35
DA:120,35
DA:121,35
DA:122,35
DA:123,35
DA:124,35
DA:125,35
DA:126,35
DA:127,35
DA:128,35
DA:129,35
DA:130,35
DA:131,35
DA:132,35
DA:133,35
DA:134,35
DA:135,35
DA:136,35
DA:137,35
DA:138,35
DA:139,35
DA:140,35
DA:141,35
DA:142,35
DA:143,35
DA:144,1
DA:145,245
DA:146,245
DA:147,245
DA:148,245
DA:149,245
DA:150,245
DA:151,245
DA:152,245
DA:153,1
DA:154,35
DA:155,35
DA:156,35
DA:157,35
DA:158,35
DA:159,35
DA:160,35
DA:161,35
DA:162,35
DA:163,35
DA:164,105
DA:165,105
DA:166,35
DA:167,35
DA:168,35
DA:169,35
DA:170,35
DA:171,70
DA:172,35
DA:173,35
DA:174,35
DA:175,35
DA:176,35
DA:177,35
DA:178,35
DA:179,35
DA:180,1
DA:181,35
DA:182,35
DA:183,35
DA:184,35
DA:185,35
DA:186,35
DA:187,35
DA:188,35
DA:189,35
DA:190,35
DA:191,35
DA:192,35
DA:193,35
DA:194,35
DA:195,35
DA:196,4
DA:197,31
DA:198,35
DA:199,35
DA:200,35
DA:201,4
DA:202,4
DA:203,4
DA:204,4
DA:205,4
DA:206,4
DA:207,4
DA:208,4
DA:209,4
DA:210,35
DA:211,35
DA:212,35
DA:213,35
LF:213
LH:213
BRDA:20,0,0,35
BRDA:112,1,0,140
BRDA:145,2,0,245
BRDA:154,3,0,35
BRDA:163,4,0,105
BRDA:170,5,0,35
BRDA:170,6,0,70
BRDA:167,7,0,3
BRDA:181,8,0,35
BRDA:195,9,0,4
BRDA:196,10,0,31
BRDA:200,11,0,4
BRDA:209,12,0,31
BRF:13
BRH:13
end_of_record
TN:
SF:src/app/ui/fonts.ts
FNF:0
FNH:0
DA:1,1
DA:2,1
DA:3,1
LF:3
LH:3
BRF:0
BRH:0
end_of_record
TN:
SF:src/app/ui/FAQ/index.tsx
FN:8,FAQ
FN:93,onClick
FNF:2
FNH:2
FNDA:8,FAQ
FNDA:3,onClick
DA:1,1
DA:2,1
DA:3,1
DA:4,1
DA:5,1
DA:6,1
DA:7,1
DA:8,8
DA:9,8
DA:10,8
DA:11,8
DA:12,8
DA:13,8
DA:14,8
DA:15,8
DA:16,8
DA:17,8
DA:18,8
DA:19,8
DA:20,8
DA:21,8
DA:22,8
DA:23,8
DA:24,8
DA:25,8
DA:26,8
DA:27,8
DA:28,8
DA:29,8
DA:30,8
DA:31,8
DA:32,8
DA:33,8
DA:34,8
DA:35,8
DA:36,8
DA:37,8
DA:38,8
DA:39,8
DA:40,8
DA:41,8
DA:42,8
DA:43,8
DA:44,8
DA:45,8
DA:46,8
DA:47,8
DA:48,8
DA:49,8
DA:50,8
DA:51,8
DA:52,8
DA:53,8
DA:54,8
DA:55,8
DA:56,8
DA:57,8
DA:58,8
DA:59,8
DA:60,8
DA:61,8
DA:62,8
DA:63,8
DA:64,8
DA:65,8
DA:66,8
DA:67,8
DA:68,8
DA:69,8
DA:70,8
DA:71,8
DA:72,8
DA:73,8
DA:74,8
DA:75,8
DA:76,8
DA:77,8
DA:78,8
DA:79,8
DA:80,8
DA:81,8
DA:82,48
DA:83,48
DA:84,8
DA:85,8
DA:86,8
DA:87,2
DA:88,46
DA:89,8
DA:90,8
DA:91,8
DA:92,8
DA:93,8
DA:94,8
DA:95,8
DA:96,8
DA:97,8
DA:98,8
DA:99,8
DA:100,8
DA:101,8
DA:102,2
DA:103,46
DA:104,8
DA:105,8
DA:106,8
DA:107,8
DA:108,8
DA:109,8
DA:110,8
DA:111,8
DA:112,8
DA:113,8
DA:114,8
DA:115,8
DA:116,8
DA:117,8
DA:118,8
DA:119,8
DA:120,8
DA:121,8
DA:122,8
DA:123,8
DA:124,8
DA:125,8
DA:126,8
DA:127,8
DA:128,8
DA:129,8
DA:130,8
DA:131,8
DA:132,8
DA:133,8
DA:134,8
DA:135,8
DA:136,8
DA:137,8
DA:138,8
DA:139,8
DA:140,8
DA:141,1
DA:142,1
LF:142
LH:142
BRDA:8,0,0,8
BRDA:81,1,0,48
BRDA:86,2,0,2
BRDA:87,3,0,46
BRDA:96,4,0,2
BRDA:96,5,0,46
BRDA:101,6,0,2
BRDA:102,7,0,46
BRDA:106,8,0,2
BRDA:106,9,0,46
BRDA:93,10,0,3
BRDA:93,11,0,1
BRDA:93,12,0,2
BRF:13
BRH:13
end_of_record
TN:
SF:src/app/ui/Navbar/index.tsx
FN:10,NavBar
FN:25,handleScroll
FN:32,handleLinkClick
FN:66,onClick
FN:93,onClick
FNF:5
FNH:3
FNDA:6,NavBar
FNDA:0,handleScroll
FNDA:1,handleLinkClick
FNDA:1,onClick
FNDA:0,onClick
DA:1,1
DA:2,1
DA:3,1
DA:4,1
DA:5,1
DA:6,1
DA:7,1
DA:8,1
DA:9,1
DA:10,1
DA:11,6
DA:12,6
DA:13,6
DA:14,6
DA:15,6
DA:16,6
DA:17,6
DA:18,6
DA:19,6
DA:20,6
DA:21,6
DA:22,6
DA:23,6
DA:24,6
DA:25,5
DA:26,0
DA:27,0
DA:28,5
DA:29,5
DA:30,6
DA:31,6
DA:32,6
DA:33,1
DA:34,1
DA:35,1
DA:36,6
DA:37,6
DA:38,6
DA:39,6
DA:40,6
DA:41,0
DA:42,6
DA:43,6
DA:44,6
DA:45,6
DA:46,6
DA:47,6
DA:48,6
DA:49,6
DA:50,6
DA:51,6
DA:52,6
DA:53,6
DA:54,6
DA:55,6
DA:56,6
DA:57,6
DA:58,6
DA:59,6
DA:60,6
DA:61,6
DA:62,6
DA:63,30
DA:64,30
DA:65,6
DA:66,6
DA:67,6
DA:68,6
DA:69,6
DA:70,24
DA:71,6
DA:72,6
DA:73,6
DA:74,6
DA:75,6
DA:76,6
DA:77,6
DA:78,6
DA:79,6
DA:80,6
DA:81,6
DA:82,6
DA:83,6
DA:84,6
DA:85,6
DA:86,6
DA:87,6
DA:88,6
DA:89,6
DA:90,6
DA:91,6
DA:92,6
DA:93,6
DA:94,6
DA:95,6
DA:96,6
DA:97,0
DA:98,0
DA:99,6
DA:100,6
DA:101,6
DA:102,6
DA:103,6
DA:104,6
DA:105,6
DA:106,6
DA:107,6
DA:108,6
DA:109,6
DA:110,0
DA:111,0
DA:112,6
DA:113,6
DA:114,6
DA:115,6
DA:116,6
DA:117,6
DA:118,6
DA:119,6
DA:120,6
DA:121,6
DA:122,6
DA:123,6
DA:124,6
DA:125,6
DA:126,6
DA:127,6
DA:128,6
DA:129,6
DA:130,6
DA:131,6
DA:132,6
DA:133,6
DA:134,6
DA:135,6
DA:136,6
DA:137,6
DA:138,6
LF:138
LH:131
BRDA:10,0,0,6
BRDA:40,1,0,0
BRDA:96,2,0,0
BRDA:24,3,0,5
BRDA:29,4,0,5
BRDA:32,5,0,1
BRDA:62,6,0,30
BRDA:69,7,0,6
BRDA:69,8,0,24
BRDA:66,9,0,1
BRF:10
BRH:8
end_of_record
TN:
SF:src/constants/budgetRanges.ts
FNF:0
FNH:0
DA:1,1
DA:2,1
DA:3,1
DA:4,1
DA:5,1
DA:6,1
DA:7,1
DA:8,1
DA:9,1
DA:10,1
DA:11,1
DA:12,1
DA:13,1
DA:14,1
DA:15,1
DA:16,1
DA:17,1
DA:18,1
DA:19,1
DA:20,1
DA:21,1
DA:22,1
DA:23,1
DA:24,1
DA:25,1
DA:26,1
LF:26
LH:26
BRF:0
BRH:0
end_of_record
TN:
SF:src/constants/carousel.ts
FNF:0
FNH:0
DA:1,1
DA:2,1
DA:3,1
DA:4,1
DA:5,1
DA:6,1
DA:7,1
DA:8,1
DA:9,1
DA:10,1
DA:11,1
DA:12,1
DA:13,1
DA:14,1
DA:15,1
DA:16,1
DA:17,1
DA:18,1
DA:19,1
DA:20,1
DA:21,1
DA:22,1
DA:23,1
DA:24,1
DA:25,1
DA:26,1
DA:27,1
DA:28,1
DA:29,1
DA:30,1
DA:31,1
DA:32,1
DA:33,1
LF:33
LH:33
BRF:0
BRH:0
end_of_record
TN:
SF:src/constants/currencies.ts
FNF:0
FNH:0
DA:1,1
DA:2,1
DA:3,1
DA:4,1
DA:5,1
DA:6,1
DA:7,1
DA:8,1
DA:9,1
DA:10,1
DA:11,1
DA:12,1
DA:13,1
LF:13
LH:13
BRF:0
BRH:0
end_of_record
TN:
SF:src/constants/index.ts
FNF:0
FNH:0
DA:1,1
DA:2,1
DA:3,1
DA:4,1
DA:5,1
DA:6,1
DA:7,1
DA:8,1
LF:8
LH:8
BRF:0
BRH:0
end_of_record
TN:
SF:src/constants/services.ts
FNF:0
FNH:0
DA:1,1
DA:2,1
DA:3,1
DA:4,1
DA:5,1
DA:6,1
DA:7,1
DA:8,1
DA:9,1
DA:10,1
DA:11,1
DA:12,1
DA:13,1
DA:14,1
DA:15,1
DA:16,1
DA:17,1
DA:18,1
DA:19,1
DA:20,1
DA:21,1
DA:22,1
DA:23,1
DA:24,1
DA:25,1
DA:26,1
DA:27,1
DA:28,1
DA:29,1
DA:30,1
DA:31,1
DA:32,1
DA:33,1
DA:34,1
DA:35,1
DA:36,1
DA:37,1
DA:38,1
DA:39,1
DA:40,1
DA:41,1
DA:42,1
DA:43,1
DA:44,1
DA:45,1
DA:46,1
DA:47,1
DA:48,1
DA:49,1
DA:50,1
DA:51,1
DA:52,1
DA:53,1
DA:54,1
DA:55,1
DA:56,1
DA:57,1
DA:58,1
DA:59,1
DA:60,1
DA:61,1
DA:62,1
DA:63,1
DA:64,1
DA:65,1
DA:66,1
DA:67,1
DA:68,1
DA:69,1
DA:70,1
DA:71,1
DA:72,1
DA:73,1
DA:74,1
DA:75,1
LF:75
LH:75
BRF:0
BRH:0
end_of_record
TN:
SF:src/domain/usecases/validateContactForm.ts
FN:13,validateContactForm
FNF:1
FNH:1
FNDA:13,validateContactForm
DA:1,1
DA:2,1
DA:3,1
DA:4,1
DA:5,1
DA:6,1
DA:7,1
DA:8,1
DA:9,1
DA:10,1
DA:11,1
DA:12,1
DA:13,1
DA:14,13
DA:15,13
DA:16,13
DA:17,2
DA:18,2
DA:19,13
DA:20,13
DA:21,3
DA:22,3
DA:23,13
DA:24,13
DA:25,2
DA:26,2
DA:27,13
DA:28,13
DA:29,13
DA:30,13
DA:31,13
DA:32,13
LF:32
LH:32
BRDA:13,0,0,13
BRDA:16,1,0,11
BRDA:16,2,0,2
BRDA:20,3,0,11
BRDA:20,4,0,3
BRDA:24,5,0,11
BRDA:24,6,0,2
BRF:7
BRH:7
end_of_record
TN:
SF:src/hooks/useCarousel.ts
FN:24,useCarousel
FNF:1
FNH:1
FNDA:42,useCarousel
DA:1,1
DA:2,1
DA:3,1
DA:4,1
DA:5,1
DA:6,1
DA:7,1
DA:8,1
DA:9,1
DA:10,1
DA:11,1
DA:12,1
DA:13,1
DA:14,1
DA:15,1
DA:16,1
DA:17,1
DA:18,1
DA:19,1
DA:20,1
DA:21,1
DA:22,1
DA:23,1
DA:24,1
DA:25,42
DA:26,42
DA:27,42
DA:28,42
DA:29,42
DA:30,42
DA:31,42
DA:32,42
DA:33,42
DA:34,18
DA:35,18
DA:36,18
DA:37,18
DA:38,18
DA:39,18
DA:40,42
DA:41,42
DA:42,42
DA:43,42
DA:44,42
DA:45,4
DA:46,2
DA:47,2
DA:48,4
DA:49,42
DA:50,42
DA:51,42
DA:52,42
DA:53,14
DA:54,14
DA:55,14
DA:56,42
DA:57,42
DA:58,42
DA:59,2
DA:60,2
DA:61,2
DA:62,42
DA:63,42
DA:64,42
DA:65,32
DA:66,8
DA:67,8
DA:68,2
DA:69,2
DA:70,2
DA:71,8
DA:72,8
DA:73,8
DA:74,42
DA:75,42
DA:76,42
DA:77,42
DA:78,42
DA:79,42
DA:80,42
DA:81,42
DA:82,42
DA:83,42
LF:83
LH:83
BRDA:24,0,0,42
BRDA:33,1,0,18
BRDA:35,2,0,18
BRDA:44,3,0,4
BRDA:45,4,0,3
BRDA:45,5,0,2
BRDA:46,6,0,2
BRDA:52,7,0,14
BRDA:53,8,0,14
BRDA:54,9,0,14
BRDA:58,10,0,2
BRDA:59,11,0,2
BRDA:60,12,0,2
BRDA:64,13,0,32
BRDA:65,14,0,24
BRDA:65,15,0,8
BRDA:67,16,0,2
BRDA:73,17,0,8
BRF:18
BRH:18
end_of_record
TN:
SF:src/hooks/useContactForm.ts
FN:36,useContactForm
FNF:1
FNH:1
FNDA:62,useContactForm
DA:1,1
DA:2,1
DA:3,1
DA:4,1
DA:5,1
DA:6,1
DA:7,1
DA:8,1
DA:9,1
DA:10,1
DA:11,1
DA:12,1
DA:13,1
DA:14,1
DA:15,1
DA:16,1
DA:17,1
DA:18,1
DA:19,1
DA:20,1
DA:21,1
DA:22,1
DA:23,1
DA:24,1
DA:25,1
DA:26,1
DA:27,1
DA:28,1
DA:29,1
DA:30,1
DA:31,1
DA:32,1
DA:33,1
DA:34,1
DA:35,1
DA:36,1
DA:37,62
DA:38,62
DA:39,62
DA:40,62
DA:41,62
DA:42,62
DA:43,62
DA:44,62
DA:45,23
DA:46,23
DA:47,5
DA:48,5
DA:49,23
DA:50,62
DA:51,62
DA:52,62
DA:53,62
DA:54,44
DA:55,44
DA:56,44
DA:57,62
DA:58,62
DA:59,62
DA:60,62
DA:61,6
DA:62,62
DA:63,62
DA:64,62
DA:65,2
DA:66,1
DA:67,1
DA:68,1
DA:69,2
DA:70,2
DA:71,2
DA:72,62
DA:73,62
DA:74,62
DA:75,62
DA:76,13
DA:77,13
DA:78,13
DA:79,13
DA:80,13
DA:81,13
DA:82,3
DA:83,3
DA:84,3
DA:85,10
DA:86,10
DA:87,10
DA:88,10
DA:89,10
DA:90,10
DA:91,10
DA:92,10
DA:93,10
DA:94,10
DA:95,10
DA:96,8
DA:97,13
DA:98,2
DA:99,2
DA:100,6
DA:101,6
DA:102,6
DA:103,6
DA:104,6
DA:105,1
DA:106,6
DA:107,13
DA:108,4
DA:109,0
DA:110,0
DA:111,4
DA:112,13
DA:113,10
DA:114,10
DA:115,13
DA:116,62
DA:117,62
DA:118,62
DA:119,62
DA:120,62
DA:121,62
DA:122,62
DA:123,62
DA:124,62
DA:125,62
DA:126,62
DA:127,62
DA:128,62
DA:129,62
LF:129
LH:127
BRDA:36,0,0,62
BRDA:44,1,0,23
BRDA:45,2,0,23
BRDA:46,3,0,5
BRDA:53,4,0,44
BRDA:55,5,0,44
BRDA:60,6,0,6
BRDA:61,7,0,6
BRDA:64,8,0,2
BRDA:65,9,0,1
BRDA:75,10,0,13
BRDA:81,11,0,3
BRDA:84,12,0,10
BRDA:95,13,0,8
BRDA:97,14,0,2
BRDA:99,15,0,6
BRDA:107,16,0,4
BRDA:108,17,0,0
BRDA:111,18,0,3
BRDA:111,19,0,1
BRDA:112,20,0,10
BRDA:104,21,0,1
BRF:22
BRH:21
end_of_record
TN:
SF:src/lib/validation/emailValidator.ts
FN:7,validateEmail
FN:14,validateEmailDomain
FNF:2
FNH:2
FNDA:11,validateEmail
FNDA:5,validateEmailDomain
DA:1,1
DA:2,1
DA:3,1
DA:4,1
DA:5,1
DA:6,1
DA:7,1
DA:8,11
DA:9,0
DA:10,0
DA:11,11
DA:12,11
DA:13,1
DA:14,1
DA:15,5
DA:16,1
DA:17,1
DA:18,4
DA:19,4
DA:20,5
DA:21,5
LF:21
LH:19
BRDA:7,0,0,11
BRDA:8,1,0,0
BRDA:14,2,0,5
BRDA:15,3,0,1
BRDA:17,4,0,4
BRF:5
BRH:4
end_of_record
